# JRE version: Java(TM) SE Runtime Environment (8.0_261-b12) (build 1.8.0_261-b12)
# Java VM: Java HotSpot(TM) 64-Bit Server VM (25.261-b12 mixed mode windows-amd64 compressed oops)
Heap:
 PSYoungGen      total 55296K, used 17350K [0x000000076b180000, 0x0000000772780000, 0x00000007c0000000)
  eden space 51200K, 25% used [0x000000076b180000,0x000000076be72508,0x000000076e380000)
  from space 4096K, 99% used [0x000000076e380000,0x000000076e77f368,0x000000076e780000)
  to   space 9216K, 0% used [0x0000000771e80000,0x0000000771e80000,0x0000000772780000)
 ParOldGen       total 68608K, used 10241K [0x00000006c1400000, 0x00000006c5700000, 0x000000076b180000)
  object space 68608K, 14% used [0x00000006c1400000,0x00000006c1e00410,0x00000006c5700000)
 Metaspace       used 17986K, capacity 18590K, committed 18688K, reserved 1064960K
  class space    used 2343K, capacity 2504K, committed 2560K, reserved 1048576K
GC Heap History (10 events):
Event: 0.528 GC heap before
{Heap before GC invocations=1 (full 0):
 PSYoungGen      total 29696K, used 25600K [0x000000076b180000, 0x000000076d280000, 0x00000007c0000000)
  eden space 25600K, 100% used [0x000000076b180000,0x000000076ca80000,0x000000076ca80000)
  from space 4096K, 0% used [0x000000076ce80000,0x000000076ce80000,0x000000076d280000)
  to   space 4096K, 0% used [0x000000076ca80000,0x000000076ca80000,0x000000076ce80000)
 ParOldGen       total 68608K, used 0K [0x00000006c1400000, 0x00000006c5700000, 0x000000076b180000)
  object space 68608K, 0% used [0x00000006c1400000,0x00000006c1400000,0x00000006c5700000)
 Metaspace       used 9252K, capacity 9504K, committed 9728K, reserved 1058816K
  class space    used 1098K, capacity 1164K, committed 1280K, reserved 1048576K
Event: 0.531 GC heap after
Heap after GC invocations=1 (full 0):
 PSYoungGen      total 29696K, used 3698K [0x000000076b180000, 0x000000076d280000, 0x00000007c0000000)
  eden space 25600K, 0% used [0x000000076b180000,0x000000076b180000,0x000000076ca80000)
  from space 4096K, 90% used [0x000000076ca80000,0x000000076ce1cb20,0x000000076ce80000)
  to   space 4096K, 0% used [0x000000076ce80000,0x000000076ce80000,0x000000076d280000)
 ParOldGen       total 68608K, used 8K [0x00000006c1400000, 0x00000006c5700000, 0x000000076b180000)
  object space 68608K, 0% used [0x00000006c1400000,0x00000006c1402000,0x00000006c5700000)
 Metaspace       used 9252K, capacity 9504K, committed 9728K, reserved 1058816K
  class space    used 1098K, capacity 1164K, committed 1280K, reserved 1048576K
}
Event: 0.612 GC heap before
{Heap before GC invocations=2 (full 0):
 PSYoungGen      total 29696K, used 29298K [0x000000076b180000, 0x000000076d280000, 0x00000007c0000000)
  eden space 25600K, 100% used [0x000000076b180000,0x000000076ca80000,0x000000076ca80000)
  from space 4096K, 90% used [0x000000076ca80000,0x000000076ce1cb20,0x000000076ce80000)
  to   space 4096K, 0% used [0x000000076ce80000,0x000000076ce80000,0x000000076d280000)
 ParOldGen       total 68608K, used 8K [0x00000006c1400000, 0x00000006c5700000, 0x000000076b180000)
  object space 68608K, 0% used [0x00000006c1400000,0x00000006c1402000,0x00000006c5700000)
 Metaspace       used 10050K, capacity 10278K, committed 10496K, reserved 1058816K
  class space    used 1196K, capacity 1275K, committed 1280K, reserved 1048576K
Event: 0.620 GC heap after
Heap after GC invocations=2 (full 0):
 PSYoungGen      total 29696K, used 4071K [0x000000076b180000, 0x000000076eb80000, 0x00000007c0000000)
  eden space 25600K, 0% used [0x000000076b180000,0x000000076b180000,0x000000076ca80000)
  from space 4096K, 99% used [0x000000076ce80000,0x000000076d279d98,0x000000076d280000)
  to   space 4096K, 0% used [0x000000076ca80000,0x000000076ca80000,0x000000076ce80000)
 ParOldGen       total 68608K, used 1931K [0x00000006c1400000, 0x00000006c5700000, 0x000000076b180000)
  object space 68608K, 2% used [0x00000006c1400000,0x00000006c15e2d90,0x00000006c5700000)
 Metaspace       used 10050K, capacity 10278K, committed 10496K, reserved 1058816K
  class space    used 1196K, capacity 1275K, committed 1280K, reserved 1048576K
}
Event: 0.711 GC heap before
{Heap before GC invocations=3 (full 0):
 PSYoungGen      total 29696K, used 29671K [0x000000076b180000, 0x000000076eb80000, 0x00000007c0000000)
  eden space 25600K, 100% used [0x000000076b180000,0x000000076ca80000,0x000000076ca80000)
  from space 4096K, 99% used [0x000000076ce80000,0x000000076d279d98,0x000000076d280000)
  to   space 4096K, 0% used [0x000000076ca80000,0x000000076ca80000,0x000000076ce80000)
 ParOldGen       total 68608K, used 1931K [0x00000006c1400000, 0x00000006c5700000, 0x000000076b180000)
  object space 68608K, 2% used [0x00000006c1400000,0x00000006c15e2d90,0x00000006c5700000)
 Metaspace       used 11278K, capacity 11588K, committed 11776K, reserved 1058816K
  class space    used 1373K, capacity 1453K, committed 1536K, reserved 1048576K
Event: 0.717 GC heap after
Heap after GC invocations=3 (full 0):
 PSYoungGen      total 29696K, used 4092K [0x000000076b180000, 0x000000076eb80000, 0x00000007c0000000)
  eden space 25600K, 0% used [0x000000076b180000,0x000000076b180000,0x000000076ca80000)
  from space 4096K, 99% used [0x000000076ca80000,0x000000076ce7f388,0x000000076ce80000)
  to   space 4096K, 0% used [0x000000076e780000,0x000000076e780000,0x000000076eb80000)
 ParOldGen       total 68608K, used 4209K [0x00000006c1400000, 0x00000006c5700000, 0x000000076b180000)
  object space 68608K, 6% used [0x00000006c1400000,0x00000006c181c7c8,0x00000006c5700000)
 Metaspace       used 11278K, capacity 11588K, committed 11776K, reserved 1058816K
  class space    used 1373K, capacity 1453K, committed 1536K, reserved 1048576K
}
Event: 0.831 GC heap before
{Heap before GC invocations=4 (full 0):
 PSYoungGen      total 29696K, used 29692K [0x000000076b180000, 0x000000076eb80000, 0x00000007c0000000)
  eden space 25600K, 100% used [0x000000076b180000,0x000000076ca80000,0x000000076ca80000)
  from space 4096K, 99% used [0x000000076ca80000,0x000000076ce7f388,0x000000076ce80000)
  to   space 4096K, 0% used [0x000000076e780000,0x000000076e780000,0x000000076eb80000)
 ParOldGen       total 68608K, used 4209K [0x00000006c1400000, 0x00000006c5700000, 0x000000076b180000)
  object space 68608K, 6% used [0x00000006c1400000,0x00000006c181c7c8,0x00000006c5700000)
 Metaspace       used 13307K, capacity 13634K, committed 13824K, reserved 1060864K
  class space    used 1654K, capacity 1742K, committed 1792K, reserved 1048576K
Event: 0.847 GC heap after
Heap after GC invocations=4 (full 0):
 PSYoungGen      total 55296K, used 4076K [0x000000076b180000, 0x000000076eb80000, 0x00000007c0000000)
  eden space 51200K, 0% used [0x000000076b180000,0x000000076b180000,0x000000076e380000)
  from space 4096K, 99% used [0x000000076e780000,0x000000076eb7b378,0x000000076eb80000)
  to   space 4096K, 0% used [0x000000076e380000,0x000000076e380000,0x000000076e780000)
 ParOldGen       total 68608K, used 5999K [0x00000006c1400000, 0x00000006c5700000, 0x000000076b180000)
  object space 68608K, 8% used [0x00000006c1400000,0x00000006c19dbf68,0x00000006c5700000)
 Metaspace       used 13307K, capacity 13634K, committed 13824K, reserved 1060864K
  class space    used 1654K, capacity 1742K, committed 1792K, reserved 1048576K
}
Event: 1.093 GC heap before
{Heap before GC invocations=5 (full 0):
 PSYoungGen      total 55296K, used 55276K [0x000000076b180000, 0x000000076eb80000, 0x00000007c0000000)
  eden space 51200K, 100% used [0x000000076b180000,0x000000076e380000,0x000000076e380000)
  from space 4096K, 99% used [0x000000076e780000,0x000000076eb7b378,0x000000076eb80000)
  to   space 4096K, 0% used [0x000000076e380000,0x000000076e380000,0x000000076e780000)
 ParOldGen       total 68608K, used 5999K [0x00000006c1400000, 0x00000006c5700000, 0x000000076b180000)
  object space 68608K, 8% used [0x00000006c1400000,0x00000006c19dbf68,0x00000006c5700000)
 Metaspace       used 17228K, capacity 17692K, committed 17792K, reserved 1064960K
  class space    used 2220K, capacity 2363K, committed 2432K, reserved 1048576K
Event: 1.104 GC heap after
Heap after GC invocations=5 (full 0):
 PSYoungGen      total 55296K, used 4092K [0x000000076b180000, 0x0000000772780000, 0x00000007c0000000)
  eden space 51200K, 0% used [0x000000076b180000,0x000000076b180000,0x000000076e380000)
  from space 4096K, 99% used [0x000000076e380000,0x000000076e77f368,0x000000076e780000)
  to   space 9216K, 0% used [0x0000000771e80000,0x0000000771e80000,0x0000000772780000)
 ParOldGen       total 68608K, used 10241K [0x00000006c1400000, 0x00000006c5700000, 0x000000076b180000)
  object space 68608K, 14% used [0x00000006c1400000,0x00000006c1e00410,0x00000006c5700000)
 Metaspace       used 17228K, capacity 17692K, committed 17792K, reserved 1064960K
  class space    used 2220K, capacity 2363K, committed 2432K, reserved 1048576K
}

